<?xml version="1.0" encoding="UTF-8"?>
<testng-results skipped="0" failed="0" ignored="0" total="1" passed="1">
  <reporter-output>
  </reporter-output>
  <suite name="Default suite" duration-ms="27969" started-at="2020-02-10T01:09:15 IST" finished-at="2020-02-10T01:09:43 IST">
    <groups>
    </groups>
    <test name="Default test" duration-ms="27969" started-at="2020-02-10T01:09:15 IST" finished-at="2020-02-10T01:09:43 IST">
      <class name="com.automationpractice.testcases.VerifyCreateAcount">
        <test-method status="PASS" signature="verifyCreateAccount()[pri:0, instance:com.automationpractice.testcases.VerifyCreateAcount@527740a2]" name="verifyCreateAccount" duration-ms="27899" started-at="2020-02-10T01:09:15 IST" finished-at="2020-02-10T01:09:43 IST">
          <reporter-output>
          </reporter-output>
        </test-method> <!-- verifyCreateAccount -->
      </class> <!-- com.automationpractice.testcases.VerifyCreateAcount -->
    </test> <!-- Default test -->
  </suite> <!-- Default suite -->
</testng-results>
